<?xml version="1.0" encoding="UTF-8"?>
<testsuite xmlns:xsi="http://www.w3.org/2001/XMLSchema-instance" xsi:noNamespaceSchemaLocation="https://maven.apache.org/surefire/maven-surefire-plugin/xsd/surefire-test-report.xsd" version="3.0.2" name="com.example.servizio_utenti.ServizioUtentiApplicationTests" time="5.421" tests="1" errors="0" skipped="0" failures="0" flakes="0">
  <properties>
[...]
</properties>
  <testcase name="contextLoads" classname="com.example.servizio_utenti.ServizioUtentiApplicationTests" time="0.392">
    <system-out><![CDATA[23:33:10.605 [main] INFO org.springframework.test.context.support.AnnotationConfigContextLoaderUtils -- Could not detect default configuration classes for test class [com.example.servizio_utenti.ServizioUtentiApplicationTests]: ServizioUtentiApplicationTests does not declare any static, non-private, non-final, nested classes annotated with @Configuration.
23:33:10.727 [main] INFO org.springframework.boot.test.context.SpringBootTestContextBootstrapper -- Found @SpringBootConfiguration com.example.servizio_utenti.ServizioUtentiApplication for test class com.example.servizio_utenti.ServizioUtentiApplicationTests
23:33:10.834 [main] INFO org.springframework.test.context.support.AnnotationConfigContextLoaderUtils -- Could not detect default configuration classes for test class [com.example.servizio_utenti.ServizioUtentiApplicationTests]: ServizioUtentiApplicationTests does not declare any static, non-private, non-final, nested classes annotated with @Configuration.
23:33:10.836 [main] INFO org.springframework.boot.test.context.SpringBootTestContextBootstrapper -- Found @SpringBootConfiguration com.example.servizio_utenti.ServizioUtentiApplication for test class com.example.servizio_utenti.ServizioUtentiApplicationTests

  .   ____          _            __ _ _
 /\\ / ___'_ __ _ _(_)_ __  __ _ \ \ \ \
( ( )\___ | '_ | '_| | '_ \/ _` | \ \ \ \
 \\/  ___)| |_)| | | | | || (_| |  ) ) ) )
  '  |____| .__|_| |_|_| |_\__, | / / / /
 =========|_|==============|___/=/_/_/_/

 :: Spring Boot ::                (v4.1.0)

2026-08-12T23:33:11.224+02:00  INFO 20432 --- [servizio-utenti] [           main] c.e.s.ServizioUtentiApplicationTests     : Starting ServizioUtentiApplicationTests using Java 17.0.20 with PID 20432 (started by Windows 10 in C:\Users\Windows 10\Desktop\Tesi\file\servizio-utenti)
2026-08-12T23:33:11.227+02:00  INFO 20432 --- [servizio-utenti] [           main] c.e.s.ServizioUtentiApplicationTests     : No active profile set, falling back to 1 default profile: "default"
2026-08-12T23:33:11.897+02:00  INFO 20432 --- [servizio-utenti] [           main] .s.d.r.c.RepositoryConfigurationDelegate : Bootstrapping Spring Data JPA repositories in DEFAULT mode.
2026-08-12T23:33:11.956+02:00  INFO 20432 --- [servizio-utenti] [           main] .s.d.r.c.RepositoryConfigurationDelegate : Finished Spring Data repository scanning in 47 ms. Found 1 JPA repository interface.
2026-08-12T23:33:12.427+02:00  INFO 20432 --- [servizio-utenti] [           main] org.hibernate.orm.jpa                    : HHH008540: Processing PersistenceUnitInfo [name: default]
2026-08-12T23:33:12.502+02:00  INFO 20432 --- [servizio-utenti] [           main] org.hibernate.orm.core                   : HHH000001: Hibernate ORM core version 7.4.1.Final
2026-08-12T23:33:13.140+02:00  INFO 20432 --- [servizio-utenti] [           main] o.s.o.j.p.SpringPersistenceUnitInfo      : No LoadTimeWeaver setup: ignoring JPA class transformer
2026-08-12T23:33:13.183+02:00  INFO 20432 --- [servizio-utenti] [           main] com.zaxxer.hikari.HikariDataSource       : HikariPool-1 - Starting...
2026-08-12T23:33:13.378+02:00  INFO 20432 --- [servizio-utenti] [           main] com.zaxxer.hikari.pool.HikariPool        : HikariPool-1 - Added connection conn0: url=jdbc:h2:mem:testdb user=SA
2026-08-12T23:33:13.380+02:00  INFO 20432 --- [servizio-utenti] [           main] com.zaxxer.hikari.HikariDataSource       : HikariPool-1 - Start completed.
2026-08-12T23:33:13.406+02:00  WARN 20432 --- [servizio-utenti] [           main] org.hibernate.orm.deprecation            : HHH90000025: H2Dialect does not need to be specified explicitly using 'hibernate.dialect' (remove the property setting and it will be selected by default)
2026-08-12T23:33:13.432+02:00  INFO 20432 --- [servizio-utenti] [           main] org.hibernate.orm.connections.pooling    : HHH10001005: Database info:
	Database JDBC URL [jdbc:h2:mem:testdb]
	Database driver: H2 JDBC Driver
	Database dialect: H2Dialect
	Database version: 2.4.240
	Default catalog/schema: TESTDB/PUBLIC
	Autocommit mode: undefined/unknown
	Isolation level: READ_COMMITTED [default READ_COMMITTED]
	JDBC fetch size: 100
	Pool: DataSourceConnectionProvider
	Minimum pool size: undefined/unknown
	Maximum pool size: undefined/unknown
2026-08-12T23:33:14.427+02:00  INFO 20432 --- [servizio-utenti] [           main] org.hibernate.orm.core                   : HHH000489: No JTA platform available (set 'hibernate.transaction.jta.platform' to enable JTA platform integration)
2026-08-12T23:33:14.472+02:00  INFO 20432 --- [servizio-utenti] [           main] j.LocalContainerEntityManagerFactoryBean : Initialized JPA EntityManagerFactory for persistence unit 'default'
2026-08-12T23:33:14.557+02:00  INFO 20432 --- [servizio-utenti] [           main] o.s.d.j.r.query.QueryEnhancerFactories   : Hibernate is in classpath; If applicable, HQL parser will be used.
2026-08-12T23:33:14.833+02:00  WARN 20432 --- [servizio-utenti] [           main] JpaBaseConfiguration$JpaWebConfiguration : spring.jpa.open-in-view is enabled by default. Therefore, database queries may be performed during view rendering. Explicitly configure spring.jpa.open-in-view to disable this warning
2026-08-12T23:33:15.283+02:00  INFO 20432 --- [servizio-utenti] [           main] c.e.s.ServizioUtentiApplicationTests     : Started ServizioUtentiApplicationTests in 4.373 seconds (process running for 5.568)
Utente di test inserito con successo nel DB! Matricola: U123
]]></system-out>
  </testcase>
</testsuite>